<?xml version="1.0" encoding="UTF-8"?>
<testng-results ignored="0" total="6" passed="5" failed="1" skipped="0">
  <reporter-output>
  </reporter-output>
  <suite started-at="2024-03-19T00:09:46 EDT" name="Suite" finished-at="2024-03-19T00:16:51 EDT" duration-ms="425366">
    <groups>
    </groups>
    <test started-at="2024-03-19T00:09:46 EDT" name="Test" finished-at="2024-03-19T00:16:51 EDT" duration-ms="425366">
      <class name="TestCases.TestCasesClass">
        <test-method is-config="true" signature="ExtentReportGeneration()[pri:0, instance:TestCases.TestCasesClass@2a65fe7c]" started-at="2024-03-19T00:09:46 EDT" name="ExtentReportGeneration" finished-at="2024-03-19T00:09:46 EDT" duration-ms="110" status="PASS">
          <reporter-output>
          </reporter-output>
        </test-method> <!-- ExtentReportGeneration -->
        <test-method is-config="true" signature="setupRecorder()[pri:0, instance:TestCases.TestCasesClass@2a65fe7c]" started-at="2024-03-19T00:09:46 EDT" name="setupRecorder" finished-at="2024-03-19T00:09:46 EDT" duration-ms="0" status="PASS">
          <reporter-output>
          </reporter-output>
        </test-method> <!-- setupRecorder -->
        <test-method signature="TestCase01_Candela_EDI_850_Shipments_Pre_Validation_Report()[pri:0, instance:TestCases.TestCasesClass@2a65fe7c]" started-at="2024-03-19T00:09:46 EDT" name="TestCase01_Candela_EDI_850_Shipments_Pre_Validation_Report" finished-at="2024-03-19T00:11:09 EDT" duration-ms="82565" status="PASS">
          <reporter-output>
          </reporter-output>
        </test-method> <!-- TestCase01_Candela_EDI_850_Shipments_Pre_Validation_Report -->
        <test-method is-config="true" signature="afterMethod(org.testng.ITestResult)[pri:0, instance:TestCases.TestCasesClass@2a65fe7c]" started-at="2024-03-19T00:11:09 EDT" name="afterMethod" finished-at="2024-03-19T00:11:11 EDT" duration-ms="2352" status="PASS">
          <params>
            <param index="0">
              <value>
                <![CDATA[[TestResult name=TestCase01_Candela_EDI_850_Shipments_Pre_Validation_Report status=SUCCESS method=TestCasesClass.TestCase01_Candela_EDI_850_Shipments_Pre_Validation_Report()[pri:0, instance:TestCases.TestCasesClass@2a65fe7c] output={null}]]]>
              </value>
            </param>
          </params>
          <reporter-output>
          </reporter-output>
        </test-method> <!-- afterMethod -->
        <test-method is-config="true" signature="setupRecorder()[pri:0, instance:TestCases.TestCasesClass@2a65fe7c]" started-at="2024-03-19T00:11:11 EDT" name="setupRecorder" finished-at="2024-03-19T00:11:11 EDT" duration-ms="0" status="PASS">
          <reporter-output>
          </reporter-output>
        </test-method> <!-- setupRecorder -->
        <test-method signature="TestCase02_Collections_Scoring_and_Strategy_Assignment()[pri:0, instance:TestCases.TestCasesClass@2a65fe7c]" started-at="2024-03-19T00:11:11 EDT" name="TestCase02_Collections_Scoring_and_Strategy_Assignment" finished-at="2024-03-19T00:12:24 EDT" duration-ms="72872" status="PASS">
          <reporter-output>
          </reporter-output>
        </test-method> <!-- TestCase02_Collections_Scoring_and_Strategy_Assignment -->
        <test-method is-config="true" signature="afterMethod(org.testng.ITestResult)[pri:0, instance:TestCases.TestCasesClass@2a65fe7c]" started-at="2024-03-19T00:12:24 EDT" name="afterMethod" finished-at="2024-03-19T00:12:26 EDT" duration-ms="2338" status="PASS">
          <params>
            <param index="0">
              <value>
                <![CDATA[[TestResult name=TestCase02_Collections_Scoring_and_Strategy_Assignment status=SUCCESS method=TestCasesClass.TestCase02_Collections_Scoring_and_Strategy_Assignment()[pri:0, instance:TestCases.TestCasesClass@2a65fe7c] output={null}]]]>
              </value>
            </param>
          </params>
          <reporter-output>
          </reporter-output>
        </test-method> <!-- afterMethod -->
        <test-method is-config="true" signature="setupRecorder()[pri:0, instance:TestCases.TestCasesClass@2a65fe7c]" started-at="2024-03-19T00:12:26 EDT" name="setupRecorder" finished-at="2024-03-19T00:12:26 EDT" duration-ms="0" status="PASS">
          <reporter-output>
          </reporter-output>
        </test-method> <!-- setupRecorder -->
        <test-method signature="TestCase03_Collections_Delinquency_Management()[pri:0, instance:TestCases.TestCasesClass@2a65fe7c]" started-at="2024-03-19T00:12:26 EDT" name="TestCase03_Collections_Delinquency_Management" finished-at="2024-03-19T00:13:39 EDT" duration-ms="72399" status="PASS">
          <reporter-output>
          </reporter-output>
        </test-method> <!-- TestCase03_Collections_Delinquency_Management -->
        <test-method is-config="true" signature="afterMethod(org.testng.ITestResult)[pri:0, instance:TestCases.TestCasesClass@2a65fe7c]" started-at="2024-03-19T00:13:39 EDT" name="afterMethod" finished-at="2024-03-19T00:13:41 EDT" duration-ms="2244" status="PASS">
          <params>
            <param index="0">
              <value>
                <![CDATA[[TestResult name=TestCase03_Collections_Delinquency_Management status=SUCCESS method=TestCasesClass.TestCase03_Collections_Delinquency_Management()[pri:0, instance:TestCases.TestCasesClass@2a65fe7c] output={null}]]]>
              </value>
            </param>
          </params>
          <reporter-output>
          </reporter-output>
        </test-method> <!-- afterMethod -->
        <test-method is-config="true" signature="setupRecorder()[pri:0, instance:TestCases.TestCasesClass@2a65fe7c]" started-at="2024-03-19T00:13:41 EDT" name="setupRecorder" finished-at="2024-03-19T00:13:41 EDT" duration-ms="0" status="PASS">
          <reporter-output>
          </reporter-output>
        </test-method> <!-- setupRecorder -->
        <test-method signature="TestCase04_Create_Receivables_Accounting()[pri:0, instance:TestCases.TestCasesClass@2a65fe7c]" started-at="2024-03-19T00:13:41 EDT" name="TestCase04_Create_Receivables_Accounting" finished-at="2024-03-19T00:14:56 EDT" duration-ms="75710" status="PASS">
          <reporter-output>
          </reporter-output>
        </test-method> <!-- TestCase04_Create_Receivables_Accounting -->
        <test-method is-config="true" signature="afterMethod(org.testng.ITestResult)[pri:0, instance:TestCases.TestCasesClass@2a65fe7c]" started-at="2024-03-19T00:14:56 EDT" name="afterMethod" finished-at="2024-03-19T00:14:59 EDT" duration-ms="2273" status="PASS">
          <params>
            <param index="0">
              <value>
                <![CDATA[[TestResult name=TestCase04_Create_Receivables_Accounting status=SUCCESS method=TestCasesClass.TestCase04_Create_Receivables_Accounting()[pri:0, instance:TestCases.TestCasesClass@2a65fe7c] output={null}]]]>
              </value>
            </param>
          </params>
          <reporter-output>
          </reporter-output>
        </test-method> <!-- afterMethod -->
        <test-method is-config="true" signature="setupRecorder()[pri:0, instance:TestCases.TestCasesClass@2a65fe7c]" started-at="2024-03-19T00:14:59 EDT" name="setupRecorder" finished-at="2024-03-19T00:14:59 EDT" duration-ms="0" status="PASS">
          <reporter-output>
          </reporter-output>
        </test-method> <!-- setupRecorder -->
        <test-method signature="TestCase06_ProcessIDValidation()[pri:0, instance:TestCases.TestCasesClass@2a65fe7c]" started-at="2024-03-19T00:14:59 EDT" name="TestCase06_ProcessIDValidation" finished-at="2024-03-19T00:15:24 EDT" duration-ms="25080" status="FAIL">
          <exception class="org.openqa.selenium.NoSuchElementException">
            <message>
              <![CDATA[no such element: Unable to locate element: {"method":"xpath","selector":"//span[text()='Candela EDI 850 Shipments Pre-Validation Report']"}
  (Session info: chrome=122.0.6261.129)
For documentation on this error, please visit: https://www.selenium.dev/documentation/webdriver/troubleshooting/errors#no-such-element-exception
Build info: version: '4.18.1', revision: 'b1d3319b48'
System info: os.name: 'Windows 11', os.arch: 'amd64', os.version: '10.0', java.version: '17.0.9'
Driver info: org.openqa.selenium.chrome.ChromeDriver
Command: [6f6b0a880d896f2e6b6a550fed3b5776, findElement {using=xpath, value=//span[text()='Candela EDI 850 Shipments Pre-Validation Report']}]
Capabilities {acceptInsecureCerts: false, browserName: chrome, browserVersion: 122.0.6261.129, chrome: {chromedriverVersion: 122.0.6261.128 (f18a44fedeb..., userDataDir: C:\Users\swaru\AppData\Loca...}, fedcm:accounts: true, goog:chromeOptions: {debuggerAddress: localhost:54654}, networkConnectionEnabled: false, pageLoadStrategy: normal, platformName: windows, proxy: Proxy(), se:cdp: ws://localhost:54654/devtoo..., se:cdpVersion: 122.0.6261.129, setWindowRect: true, strictFileInteractability: false, timeouts: {implicit: 0, pageLoad: 300000, script: 30000}, unhandledPromptBehavior: dismiss and notify, webauthn:extension:credBlob: true, webauthn:extension:largeBlob: true, webauthn:extension:minPinLength: true, webauthn:extension:prf: true, webauthn:virtualAuthenticators: true}
Session ID: 6f6b0a880d896f2e6b6a550fed3b5776]]>
            </message>
            <full-stacktrace>
              <![CDATA[org.openqa.selenium.NoSuchElementException: no such element: Unable to locate element: {"method":"xpath","selector":"//span[text()='Candela EDI 850 Shipments Pre-Validation Report']"}
  (Session info: chrome=122.0.6261.129)
For documentation on this error, please visit: https://www.selenium.dev/documentation/webdriver/troubleshooting/errors#no-such-element-exception
Build info: version: '4.18.1', revision: 'b1d3319b48'
System info: os.name: 'Windows 11', os.arch: 'amd64', os.version: '10.0', java.version: '17.0.9'
Driver info: org.openqa.selenium.chrome.ChromeDriver
Command: [6f6b0a880d896f2e6b6a550fed3b5776, findElement {using=xpath, value=//span[text()='Candela EDI 850 Shipments Pre-Validation Report']}]
Capabilities {acceptInsecureCerts: false, browserName: chrome, browserVersion: 122.0.6261.129, chrome: {chromedriverVersion: 122.0.6261.128 (f18a44fedeb..., userDataDir: C:\Users\swaru\AppData\Loca...}, fedcm:accounts: true, goog:chromeOptions: {debuggerAddress: localhost:54654}, networkConnectionEnabled: false, pageLoadStrategy: normal, platformName: windows, proxy: Proxy(), se:cdp: ws://localhost:54654/devtoo..., se:cdpVersion: 122.0.6261.129, setWindowRect: true, strictFileInteractability: false, timeouts: {implicit: 0, pageLoad: 300000, script: 30000}, unhandledPromptBehavior: dismiss and notify, webauthn:extension:credBlob: true, webauthn:extension:largeBlob: true, webauthn:extension:minPinLength: true, webauthn:extension:prf: true, webauthn:virtualAuthenticators: true}
Session ID: 6f6b0a880d896f2e6b6a550fed3b5776
at jdk.internal.reflect.GeneratedConstructorAccessor36.newInstance(Unknown Source)
at java.base/jdk.internal.reflect.DelegatingConstructorAccessorImpl.newInstance(DelegatingConstructorAccessorImpl.java:45)
at java.base/java.lang.reflect.Constructor.newInstanceWithCaller(Constructor.java:499)
at java.base/java.lang.reflect.Constructor.newInstance(Constructor.java:480)
at org.openqa.selenium.remote.ErrorCodec.decode(ErrorCodec.java:167)
at org.openqa.selenium.remote.codec.w3c.W3CHttpResponseCodec.decode(W3CHttpResponseCodec.java:138)
at org.openqa.selenium.remote.codec.w3c.W3CHttpResponseCodec.decode(W3CHttpResponseCodec.java:50)
at org.openqa.selenium.remote.HttpCommandExecutor.execute(HttpCommandExecutor.java:190)
at org.openqa.selenium.remote.service.DriverCommandExecutor.invokeExecute(DriverCommandExecutor.java:216)
at org.openqa.selenium.remote.service.DriverCommandExecutor.execute(DriverCommandExecutor.java:174)
at org.openqa.selenium.remote.RemoteWebDriver.execute(RemoteWebDriver.java:519)
at org.openqa.selenium.remote.ElementLocation$ElementFinder$2.findElement(ElementLocation.java:165)
at org.openqa.selenium.remote.ElementLocation.findElement(ElementLocation.java:59)
at org.openqa.selenium.remote.RemoteWebDriver.findElement(RemoteWebDriver.java:356)
at org.openqa.selenium.remote.RemoteWebDriver.findElement(RemoteWebDriver.java:350)
at OracleCloudPages.Scheduling.SearchProcessIDandValidation(Scheduling.java:1485)
at TestCases.TestCasesClass.TestCase06_ProcessIDValidation(TestCasesClass.java:351)
at java.base/jdk.internal.reflect.NativeMethodAccessorImpl.invoke0(Native Method)
at java.base/jdk.internal.reflect.NativeMethodAccessorImpl.invoke(NativeMethodAccessorImpl.java:77)
at java.base/jdk.internal.reflect.DelegatingMethodAccessorImpl.invoke(DelegatingMethodAccessorImpl.java:43)
at java.base/java.lang.reflect.Method.invoke(Method.java:568)
at org.testng.internal.MethodInvocationHelper.invokeMethod(MethodInvocationHelper.java:133)
at org.testng.internal.TestInvoker.invokeMethod(TestInvoker.java:598)
at org.testng.internal.TestInvoker.invokeTestMethod(TestInvoker.java:173)
at org.testng.internal.MethodRunner.runInSequence(MethodRunner.java:46)
at org.testng.internal.TestInvoker$MethodInvocationAgent.invoke(TestInvoker.java:824)
at org.testng.internal.TestInvoker.invokeTestMethods(TestInvoker.java:146)
at org.testng.internal.TestMethodWorker.invokeTestMethods(TestMethodWorker.java:146)
at org.testng.internal.TestMethodWorker.run(TestMethodWorker.java:128)
at java.base/java.util.ArrayList.forEach(ArrayList.java:1511)
at org.testng.TestRunner.privateRun(TestRunner.java:794)
at org.testng.TestRunner.run(TestRunner.java:596)
at org.testng.SuiteRunner.runTest(SuiteRunner.java:377)
at org.testng.SuiteRunner.runSequentially(SuiteRunner.java:371)
at org.testng.SuiteRunner.privateRun(SuiteRunner.java:332)
at org.testng.SuiteRunner.run(SuiteRunner.java:276)
at org.testng.SuiteRunnerWorker.runSuite(SuiteRunnerWorker.java:53)
at org.testng.SuiteRunnerWorker.run(SuiteRunnerWorker.java:96)
at org.testng.TestNG.runSuitesSequentially(TestNG.java:1212)
at org.testng.TestNG.runSuitesLocally(TestNG.java:1134)
at org.testng.TestNG.runSuites(TestNG.java:1063)
at org.testng.TestNG.run(TestNG.java:1031)
at org.testng.remote.AbstractRemoteTestNG.run(AbstractRemoteTestNG.java:115)
at org.testng.remote.RemoteTestNG.initAndRun(RemoteTestNG.java:251)
at org.testng.remote.RemoteTestNG.main(RemoteTestNG.java:77)
]]>
            </full-stacktrace>
          </exception> <!-- org.openqa.selenium.NoSuchElementException -->
          <reporter-output>
          </reporter-output>
        </test-method> <!-- TestCase06_ProcessIDValidation -->
        <test-method is-config="true" signature="afterMethod(org.testng.ITestResult)[pri:0, instance:TestCases.TestCasesClass@2a65fe7c]" started-at="2024-03-19T00:15:24 EDT" name="afterMethod" finished-at="2024-03-19T00:15:26 EDT" duration-ms="2285" status="PASS">
          <params>
            <param index="0">
              <value>
                <![CDATA[[TestResult name=TestCase06_ProcessIDValidation status=FAILURE method=TestCasesClass.TestCase06_ProcessIDValidation()[pri:0, instance:TestCases.TestCasesClass@2a65fe7c] output={null}]]]>
              </value>
            </param>
          </params>
          <reporter-output>
          </reporter-output>
        </test-method> <!-- afterMethod -->
        <test-method is-config="true" signature="setupRecorder()[pri:0, instance:TestCases.TestCasesClass@2a65fe7c]" started-at="2024-03-19T00:15:26 EDT" name="setupRecorder" finished-at="2024-03-19T00:15:26 EDT" duration-ms="0" status="PASS">
          <reporter-output>
          </reporter-output>
        </test-method> <!-- setupRecorder -->
        <test-method signature="TestCases05_Create_Accounting()[pri:0, instance:TestCases.TestCasesClass@2a65fe7c]" started-at="2024-03-19T00:15:26 EDT" name="TestCases05_Create_Accounting" finished-at="2024-03-19T00:16:49 EDT" duration-ms="82927" status="PASS">
          <reporter-output>
          </reporter-output>
        </test-method> <!-- TestCases05_Create_Accounting -->
        <test-method is-config="true" signature="afterMethod(org.testng.ITestResult)[pri:0, instance:TestCases.TestCasesClass@2a65fe7c]" started-at="2024-03-19T00:16:49 EDT" name="afterMethod" finished-at="2024-03-19T00:16:51 EDT" duration-ms="2304" status="PASS">
          <params>
            <param index="0">
              <value>
                <![CDATA[[TestResult name=TestCases05_Create_Accounting status=SUCCESS method=TestCasesClass.TestCases05_Create_Accounting()[pri:0, instance:TestCases.TestCasesClass@2a65fe7c] output={null}]]]>
              </value>
            </param>
          </params>
          <reporter-output>
          </reporter-output>
        </test-method> <!-- afterMethod -->
        <test-method is-config="true" signature="stopRecording()[pri:0, instance:TestCases.TestCasesClass@2a65fe7c]" started-at="2024-03-19T00:16:51 EDT" name="stopRecording" finished-at="2024-03-19T00:16:51 EDT" duration-ms="0" status="PASS">
          <reporter-output>
          </reporter-output>
        </test-method> <!-- stopRecording -->
        <test-method is-config="true" signature="endReport()[pri:0, instance:TestCases.TestCasesClass@2a65fe7c]" started-at="2024-03-19T00:16:51 EDT" name="endReport" finished-at="2024-03-19T00:16:53 EDT" duration-ms="1508" status="PASS">
          <reporter-output>
          </reporter-output>
        </test-method> <!-- endReport -->
      </class> <!-- TestCases.TestCasesClass -->
    </test> <!-- Test -->
  </suite> <!-- Suite -->
</testng-results>
